<?xml version="1.0" encoding="UTF-8"?>
<!-- Generated by org.testng.reporters.JUnitXMLReporter -->
<testsuite hostname="DELL-LQP79EOJSP" ignored="0" name="Homepage Login Validation" tests="2" failures="0" timestamp="2019-12-18T13:02:15 CST" time="1.958" errors="0">
  <testcase name="@BeforeTest initializebrowser" time="1.869" classname="Testing.Assetvalidation">
    <failure type="org.openqa.selenium.SessionNotCreatedException" message="session not created: This version of ChromeDriver only supports Chrome version 77
Build info: version: &amp;apos;3.141.59&amp;apos;, revision: &amp;apos;e82be7d358&amp;apos;, time: &amp;apos;2018-11-14T08:17:03&amp;apos;
System info: host: &amp;apos;DELL-LQP79EOJSP&amp;apos;, ip: &amp;apos;192.168.1.143&amp;apos;, os.name: &amp;apos;Windows 8.1&amp;apos;, os.arch: &amp;apos;amd64&amp;apos;, os.version: &amp;apos;6.3&amp;apos;, java.version: &amp;apos;1.8.0_231&amp;apos;
Driver info: driver.version: ChromeDriver
remote stacktrace: Backtrace:
	Ordinal0 [0x0135EB13+1501971]
	Ordinal0 [0x012DF6D1+980689]
	Ordinal0 [0x0126765F+489055]
	Ordinal0 [0x011FF2F4+62196]
	Ordinal0 [0x011FBCDA+48346]
	Ordinal0 [0x01219800+169984]
	Ordinal0 [0x0121942D+169005]
	Ordinal0 [0x012178EB+162027]
	Ordinal0 [0x01200AC7+68295]
	Ordinal0 [0x01201B40+72512]
	Ordinal0 [0x01201AD9+72409]
	Ordinal0 [0x012F8F37+1085239]
	GetHandleVerifier [0x013FD7ED+503293]
	GetHandleVerifier [0x013FD580+502672]
	GetHandleVerifier [0x014046AC+531644]
	GetHandleVerifier [0x013FDFFA+505354]
	Ordinal0 [0x012F0606+1050118]
	Ordinal0 [0x012F047F+1049727]
	Ordinal0 [0x012FAF9B+1093531]
	Ordinal0 [0x012FB103+1093891]
	Ordinal0 [0x012FA095+1089685]
	BaseThreadInitThunk [0x75E96A14+36]
	RtlInitializeExceptionChain [0x77CDAD8F+143]
	RtlInitializeExceptionChain [0x77CDAD5A+90]
">
      <![CDATA[org.openqa.selenium.SessionNotCreatedException: session not created: This version of ChromeDriver only supports Chrome version 77
Build info: version: '3.141.59', revision: 'e82be7d358', time: '2018-11-14T08:17:03'
System info: host: 'DELL-LQP79EOJSP', ip: '192.168.1.143', os.name: 'Windows 8.1', os.arch: 'amd64', os.version: '6.3', java.version: '1.8.0_231'
Driver info: driver.version: ChromeDriver
remote stacktrace: Backtrace:
Ordinal0 [0x0135EB13+1501971]
Ordinal0 [0x012DF6D1+980689]
Ordinal0 [0x0126765F+489055]
Ordinal0 [0x011FF2F4+62196]
Ordinal0 [0x011FBCDA+48346]
Ordinal0 [0x01219800+169984]
Ordinal0 [0x0121942D+169005]
Ordinal0 [0x012178EB+162027]
Ordinal0 [0x01200AC7+68295]
Ordinal0 [0x01201B40+72512]
Ordinal0 [0x01201AD9+72409]
Ordinal0 [0x012F8F37+1085239]
GetHandleVerifier [0x013FD7ED+503293]
GetHandleVerifier [0x013FD580+502672]
GetHandleVerifier [0x014046AC+531644]
GetHandleVerifier [0x013FDFFA+505354]
Ordinal0 [0x012F0606+1050118]
Ordinal0 [0x012F047F+1049727]
Ordinal0 [0x012FAF9B+1093531]
Ordinal0 [0x012FB103+1093891]
Ordinal0 [0x012FA095+1089685]
BaseThreadInitThunk [0x75E96A14+36]
RtlInitializeExceptionChain [0x77CDAD8F+143]
RtlInitializeExceptionChain [0x77CDAD5A+90]

at org.openqa.selenium.remote.W3CHandshakeResponse.lambda$errorHandler$0(W3CHandshakeResponse.java:62)
at org.openqa.selenium.remote.HandshakeResponse.lambda$getResponseFunction$0(HandshakeResponse.java:30)
at org.openqa.selenium.remote.ProtocolHandshake.lambda$createSession$0(ProtocolHandshake.java:126)
at java.util.stream.ReferencePipeline$3$1.accept(ReferencePipeline.java:193)
at java.util.Spliterators$ArraySpliterator.tryAdvance(Spliterators.java:958)
at java.util.stream.ReferencePipeline.forEachWithCancel(ReferencePipeline.java:126)
at java.util.stream.AbstractPipeline.copyIntoWithCancel(AbstractPipeline.java:499)
at java.util.stream.AbstractPipeline.copyInto(AbstractPipeline.java:486)
at java.util.stream.AbstractPipeline.wrapAndCopyInto(AbstractPipeline.java:472)
at java.util.stream.FindOps$FindOp.evaluateSequential(FindOps.java:152)
at java.util.stream.AbstractPipeline.evaluate(AbstractPipeline.java:234)
at java.util.stream.ReferencePipeline.findFirst(ReferencePipeline.java:464)
at org.openqa.selenium.remote.ProtocolHandshake.createSession(ProtocolHandshake.java:128)
at org.openqa.selenium.remote.ProtocolHandshake.createSession(ProtocolHandshake.java:74)
at org.openqa.selenium.remote.HttpCommandExecutor.execute(HttpCommandExecutor.java:136)
at org.openqa.selenium.remote.service.DriverCommandExecutor.execute(DriverCommandExecutor.java:83)
at org.openqa.selenium.remote.RemoteWebDriver.execute(RemoteWebDriver.java:552)
at org.openqa.selenium.remote.RemoteWebDriver.startSession(RemoteWebDriver.java:213)
at org.openqa.selenium.remote.RemoteWebDriver.<init>(RemoteWebDriver.java:131)
at org.openqa.selenium.chrome.ChromeDriver.<init>(ChromeDriver.java:181)
at org.openqa.selenium.chrome.ChromeDriver.<init>(ChromeDriver.java:168)
at org.openqa.selenium.chrome.ChromeDriver.<init>(ChromeDriver.java:157)
at Resources.Baseclass.initializeDriver(Baseclass.java:41)
at Testing.Assetvalidation.initializebrowser(Assetvalidation.java:23)
at java.util.concurrent.FutureTask.run(FutureTask.java:266)
at java.util.concurrent.ThreadPoolExecutor.runWorker(ThreadPoolExecutor.java:1149)
at java.util.concurrent.ThreadPoolExecutor$Worker.run(ThreadPoolExecutor.java:624)
at java.lang.Thread.run(Thread.java:748)
... Removed 19 stack frames]]>
    </failure>
  </testcase> <!-- @BeforeTest initializebrowser -->
  <testcase name="@AfterTest closebrowser" time="-1.576695735027E9" classname="Testing.Assetvalidation">
    <skipped/>
  </testcase> <!-- @AfterTest closebrowser -->
  <testcase name="Assertions" time="0.0" classname="Testing.Assetvalidation">
    <skipped/>
  </testcase> <!-- Assertions -->
  <testcase name="validatingtext" time="0.0" classname="Testing.Assetvalidation">
    <skipped/>
  </testcase> <!-- validatingtext -->
</testsuite> <!-- Homepage Login Validation -->
