<?xml version="1.0" encoding="UTF-8"?>
<testsuite xmlns:xsi="http://www.w3.org/2001/XMLSchema-instance" xsi:noNamespaceSchemaLocation="https://maven.apache.org/surefire/maven-surefire-plugin/xsd/surefire-test-report-3.0.xsd" version="3.0" name="TestSuite" time="2.971" tests="6" errors="0" skipped="3" failures="3">
  <properties>
    <property name="sun.desktop" value="windows"/>
    <property name="awt.toolkit" value="sun.awt.windows.WToolkit"/>
    <property name="file.encoding.pkg" value="sun.io"/>
    <property name="java.specification.version" value="1.8"/>
    <property name="webdriver.chrome.driver" value="C:\chromedriver_win32\chromedriver.exe"/>
    <property name="sun.cpu.isalist" value="amd64"/>
    <property name="sun.jnu.encoding" value="Cp1252"/>
    <property name="java.class.path" value="C:\Users\Pavankumar\eclipse-workspace\E2EMavenJavaProject\target\test-classes;C:\Users\Pavankumar\eclipse-workspace\E2EMavenJavaProject\target\classes;C:\Users\Pavankumar\.m2\repository\org\apache\logging\log4j\log4j-api\2.12.1\log4j-api-2.12.1.jar;C:\Users\Pavankumar\.m2\repository\org\apache\logging\log4j\log4j-core\2.12.1\log4j-core-2.12.1.jar;C:\Users\Pavankumar\.m2\repository\org\seleniumhq\selenium\selenium-java\3.141.59\selenium-java-3.141.59.jar;C:\Users\Pavankumar\.m2\repository\org\seleniumhq\selenium\selenium-api\3.141.59\selenium-api-3.141.59.jar;C:\Users\Pavankumar\.m2\repository\org\seleniumhq\selenium\selenium-chrome-driver\3.141.59\selenium-chrome-driver-3.141.59.jar;C:\Users\Pavankumar\.m2\repository\org\seleniumhq\selenium\selenium-edge-driver\3.141.59\selenium-edge-driver-3.141.59.jar;C:\Users\Pavankumar\.m2\repository\org\seleniumhq\selenium\selenium-firefox-driver\3.141.59\selenium-firefox-driver-3.141.59.jar;C:\Users\Pavankumar\.m2\repository\org\seleniumhq\selenium\selenium-ie-driver\3.141.59\selenium-ie-driver-3.141.59.jar;C:\Users\Pavankumar\.m2\repository\org\seleniumhq\selenium\selenium-opera-driver\3.141.59\selenium-opera-driver-3.141.59.jar;C:\Users\Pavankumar\.m2\repository\org\seleniumhq\selenium\selenium-remote-driver\3.141.59\selenium-remote-driver-3.141.59.jar;C:\Users\Pavankumar\.m2\repository\org\seleniumhq\selenium\selenium-safari-driver\3.141.59\selenium-safari-driver-3.141.59.jar;C:\Users\Pavankumar\.m2\repository\org\seleniumhq\selenium\selenium-support\3.141.59\selenium-support-3.141.59.jar;C:\Users\Pavankumar\.m2\repository\net\bytebuddy\byte-buddy\1.8.15\byte-buddy-1.8.15.jar;C:\Users\Pavankumar\.m2\repository\org\apache\commons\commons-exec\1.3\commons-exec-1.3.jar;C:\Users\Pavankumar\.m2\repository\com\google\guava\guava\25.0-jre\guava-25.0-jre.jar;C:\Users\Pavankumar\.m2\repository\com\google\code\findbugs\jsr305\1.3.9\jsr305-1.3.9.jar;C:\Users\Pavankumar\.m2\repository\org\checkerframework\checker-compat-qual\2.0.0\checker-compat-qual-2.0.0.jar;C:\Users\Pavankumar\.m2\repository\com\google\errorprone\error_prone_annotations\2.1.3\error_prone_annotations-2.1.3.jar;C:\Users\Pavankumar\.m2\repository\com\google\j2objc\j2objc-annotations\1.1\j2objc-annotations-1.1.jar;C:\Users\Pavankumar\.m2\repository\org\codehaus\mojo\animal-sniffer-annotations\1.14\animal-sniffer-annotations-1.14.jar;C:\Users\Pavankumar\.m2\repository\com\squareup\okhttp3\okhttp\3.11.0\okhttp-3.11.0.jar;C:\Users\Pavankumar\.m2\repository\com\squareup\okio\okio\1.14.0\okio-1.14.0.jar;C:\Users\Pavankumar\.m2\repository\org\testng\testng\7.0.0\testng-7.0.0.jar;C:\Users\Pavankumar\.m2\repository\com\beust\jcommander\1.72\jcommander-1.72.jar;C:\Users\Pavankumar\.m2\repository\junit\junit\3.8.1\junit-3.8.1.jar;"/>
    <property name="java.vm.vendor" value="Oracle Corporation"/>
    <property name="sun.arch.data.model" value="64"/>
    <property name="user.variant" value=""/>
    <property name="java.vendor.url" value="http://java.oracle.com/"/>
    <property name="user.timezone" value="America/Chicago"/>
    <property name="org.apache.logging.log4j.assignedSequences" value="15414"/>
    <property name="java.vm.specification.version" value="1.8"/>
    <property name="os.name" value="Windows 8.1"/>
    <property name="user.country" value="US"/>
    <property name="sun.java.launcher" value="SUN_STANDARD"/>
    <property name="sun.boot.library.path" value="C:\Program Files\Java\jdk1.8.0_231\jre\bin"/>
    <property name="sun.java.command" value="C:\Users\Pavankumar\AppData\Local\Temp\surefire9064434947231609193\surefirebooter7517641286358180315.jar C:\Users\Pavankumar\AppData\Local\Temp\surefire9064434947231609193 2019-12-18T13-02-11_193-jvmRun1 surefire8912986960609000117tmp surefire_01130648210743986588tmp"/>
    <property name="surefire.test.class.path" value="C:\Users\Pavankumar\eclipse-workspace\E2EMavenJavaProject\target\test-classes;C:\Users\Pavankumar\eclipse-workspace\E2EMavenJavaProject\target\classes;C:\Users\Pavankumar\.m2\repository\org\apache\logging\log4j\log4j-api\2.12.1\log4j-api-2.12.1.jar;C:\Users\Pavankumar\.m2\repository\org\apache\logging\log4j\log4j-core\2.12.1\log4j-core-2.12.1.jar;C:\Users\Pavankumar\.m2\repository\org\seleniumhq\selenium\selenium-java\3.141.59\selenium-java-3.141.59.jar;C:\Users\Pavankumar\.m2\repository\org\seleniumhq\selenium\selenium-api\3.141.59\selenium-api-3.141.59.jar;C:\Users\Pavankumar\.m2\repository\org\seleniumhq\selenium\selenium-chrome-driver\3.141.59\selenium-chrome-driver-3.141.59.jar;C:\Users\Pavankumar\.m2\repository\org\seleniumhq\selenium\selenium-edge-driver\3.141.59\selenium-edge-driver-3.141.59.jar;C:\Users\Pavankumar\.m2\repository\org\seleniumhq\selenium\selenium-firefox-driver\3.141.59\selenium-firefox-driver-3.141.59.jar;C:\Users\Pavankumar\.m2\repository\org\seleniumhq\selenium\selenium-ie-driver\3.141.59\selenium-ie-driver-3.141.59.jar;C:\Users\Pavankumar\.m2\repository\org\seleniumhq\selenium\selenium-opera-driver\3.141.59\selenium-opera-driver-3.141.59.jar;C:\Users\Pavankumar\.m2\repository\org\seleniumhq\selenium\selenium-remote-driver\3.141.59\selenium-remote-driver-3.141.59.jar;C:\Users\Pavankumar\.m2\repository\org\seleniumhq\selenium\selenium-safari-driver\3.141.59\selenium-safari-driver-3.141.59.jar;C:\Users\Pavankumar\.m2\repository\org\seleniumhq\selenium\selenium-support\3.141.59\selenium-support-3.141.59.jar;C:\Users\Pavankumar\.m2\repository\net\bytebuddy\byte-buddy\1.8.15\byte-buddy-1.8.15.jar;C:\Users\Pavankumar\.m2\repository\org\apache\commons\commons-exec\1.3\commons-exec-1.3.jar;C:\Users\Pavankumar\.m2\repository\com\google\guava\guava\25.0-jre\guava-25.0-jre.jar;C:\Users\Pavankumar\.m2\repository\com\google\code\findbugs\jsr305\1.3.9\jsr305-1.3.9.jar;C:\Users\Pavankumar\.m2\repository\org\checkerframework\checker-compat-qual\2.0.0\checker-compat-qual-2.0.0.jar;C:\Users\Pavankumar\.m2\repository\com\google\errorprone\error_prone_annotations\2.1.3\error_prone_annotations-2.1.3.jar;C:\Users\Pavankumar\.m2\repository\com\google\j2objc\j2objc-annotations\1.1\j2objc-annotations-1.1.jar;C:\Users\Pavankumar\.m2\repository\org\codehaus\mojo\animal-sniffer-annotations\1.14\animal-sniffer-annotations-1.14.jar;C:\Users\Pavankumar\.m2\repository\com\squareup\okhttp3\okhttp\3.11.0\okhttp-3.11.0.jar;C:\Users\Pavankumar\.m2\repository\com\squareup\okio\okio\1.14.0\okio-1.14.0.jar;C:\Users\Pavankumar\.m2\repository\org\testng\testng\7.0.0\testng-7.0.0.jar;C:\Users\Pavankumar\.m2\repository\com\beust\jcommander\1.72\jcommander-1.72.jar;C:\Users\Pavankumar\.m2\repository\junit\junit\3.8.1\junit-3.8.1.jar;"/>
    <property name="sun.cpu.endian" value="little"/>
    <property name="user.home" value="C:\Users\Pavankumar"/>
    <property name="user.language" value="en"/>
    <property name="java.specification.vendor" value="Oracle Corporation"/>
    <property name="java.home" value="C:\Program Files\Java\jdk1.8.0_231\jre"/>
    <property name="basedir" value="C:\Users\Pavankumar\eclipse-workspace\E2EMavenJavaProject"/>
    <property name="file.separator" value="\"/>
    <property name="line.separator" value="&#10;"/>
    <property name="java.vm.specification.vendor" value="Oracle Corporation"/>
    <property name="java.specification.name" value="Java Platform API Specification"/>
    <property name="java.awt.graphicsenv" value="sun.awt.Win32GraphicsEnvironment"/>
    <property name="surefire.real.class.path" value="C:\Users\Pavankumar\AppData\Local\Temp\surefire9064434947231609193\surefirebooter7517641286358180315.jar"/>
    <property name="sun.boot.class.path" value="C:\Program Files\Java\jdk1.8.0_231\jre\lib\resources.jar;C:\Program Files\Java\jdk1.8.0_231\jre\lib\rt.jar;C:\Program Files\Java\jdk1.8.0_231\jre\lib\sunrsasign.jar;C:\Program Files\Java\jdk1.8.0_231\jre\lib\jsse.jar;C:\Program Files\Java\jdk1.8.0_231\jre\lib\jce.jar;C:\Program Files\Java\jdk1.8.0_231\jre\lib\charsets.jar;C:\Program Files\Java\jdk1.8.0_231\jre\lib\jfr.jar;C:\Program Files\Java\jdk1.8.0_231\jre\classes"/>
    <property name="user.script" value=""/>
    <property name="sun.management.compiler" value="HotSpot 64-Bit Tiered Compilers"/>
    <property name="java.runtime.version" value="1.8.0_231-b11"/>
    <property name="user.name" value="Pavankumar"/>
    <property name="path.separator" value=";"/>
    <property name="os.version" value="6.3"/>
    <property name="java.endorsed.dirs" value="C:\Program Files\Java\jdk1.8.0_231\jre\lib\endorsed"/>
    <property name="java.runtime.name" value="Java(TM) SE Runtime Environment"/>
    <property name="file.encoding" value="Cp1252"/>
    <property name="browser" value="chrome"/>
    <property name="java.vm.name" value="Java HotSpot(TM) 64-Bit Server VM"/>
    <property name="localRepository" value="C:\Users\Pavankumar\.m2\repository"/>
    <property name="java.vendor.url.bug" value="http://bugreport.sun.com/bugreport/"/>
    <property name="java.io.tmpdir" value="C:\Users\PAVANK~1\AppData\Local\Temp\"/>
    <property name="java.version" value="1.8.0_231"/>
    <property name="user.dir" value="C:\Users\Pavankumar\eclipse-workspace\E2EMavenJavaProject"/>
    <property name="os.arch" value="amd64"/>
    <property name="java.vm.specification.name" value="Java Virtual Machine Specification"/>
    <property name="java.awt.printerjob" value="sun.awt.windows.WPrinterJob"/>
    <property name="sun.os.patch.level" value=""/>
    <property name="java.library.path" value="C:\Program Files\Java\jdk1.8.0_231\jre\bin;C:\windows\Sun\Java\bin;C:\windows\system32;C:\windows;C:\Program Files (x86)\Common Files\Oracle\Java\javapath;C:\Program Files\Java\jre1.8.0_221\bin;C:\Program Files\nodejs\;C:\Program Files\nodejs\node_modules\npm\bin;C:\Maven\apache-maven-3.6.2-bin\apache-maven-3.6.2\bin;C:\Program Files\Java\jdk1.8.0_231\bin;C:\Program Files\MySQL\MySQL Shell 8.0\bin\;C:\Users\Pavankumar\AppData\Roaming\npm;C:\Maven\apache-maven-3.6.2-bin\apache-maven-3.6.2\bin;."/>
    <property name="java.vm.info" value="mixed mode"/>
    <property name="java.vendor" value="Oracle Corporation"/>
    <property name="java.vm.version" value="25.231-b11"/>
    <property name="java.ext.dirs" value="C:\Program Files\Java\jdk1.8.0_231\jre\lib\ext;C:\windows\Sun\Java\lib\ext"/>
    <property name="sun.io.unicode.encoding" value="UnicodeLittle"/>
    <property name="java.class.version" value="52.0"/>
  </properties>
  <testcase name="initializebrowser" classname="Testing.Assetvalidation" time="1.855">
    <failure message="session not created: This version of ChromeDriver only supports Chrome version 77&#10;Build info: version: &apos;3.141.59&apos;, revision: &apos;e82be7d358&apos;, time: &apos;2018-11-14T08:17:03&apos;&#10;System info: host: &apos;DELL-LQP79EOJSP&apos;, ip: &apos;192.168.1.143&apos;, os.name: &apos;Windows 8.1&apos;, os.arch: &apos;amd64&apos;, os.version: &apos;6.3&apos;, java.version: &apos;1.8.0_231&apos;&#10;Driver info: driver.version: ChromeDriver&#10;remote stacktrace: Backtrace:&#10;	Ordinal0 [0x0135EB13+1501971]&#10;	Ordinal0 [0x012DF6D1+980689]&#10;	Ordinal0 [0x0126765F+489055]&#10;	Ordinal0 [0x011FF2F4+62196]&#10;	Ordinal0 [0x011FBCDA+48346]&#10;	Ordinal0 [0x01219800+169984]&#10;	Ordinal0 [0x0121942D+169005]&#10;	Ordinal0 [0x012178EB+162027]&#10;	Ordinal0 [0x01200AC7+68295]&#10;	Ordinal0 [0x01201B40+72512]&#10;	Ordinal0 [0x01201AD9+72409]&#10;	Ordinal0 [0x012F8F37+1085239]&#10;	GetHandleVerifier [0x013FD7ED+503293]&#10;	GetHandleVerifier [0x013FD580+502672]&#10;	GetHandleVerifier [0x014046AC+531644]&#10;	GetHandleVerifier [0x013FDFFA+505354]&#10;	Ordinal0 [0x012F0606+1050118]&#10;	Ordinal0 [0x012F047F+1049727]&#10;	Ordinal0 [0x012FAF9B+1093531]&#10;	Ordinal0 [0x012FB103+1093891]&#10;	Ordinal0 [0x012FA095+1089685]&#10;	BaseThreadInitThunk [0x75E96A14+36]&#10;	RtlInitializeExceptionChain [0x77CDAD8F+143]&#10;	RtlInitializeExceptionChain [0x77CDAD5A+90]&#10;" type="org.openqa.selenium.SessionNotCreatedException"><![CDATA[org.openqa.selenium.SessionNotCreatedException: 
session not created: This version of ChromeDriver only supports Chrome version 77
Build info: version: '3.141.59', revision: 'e82be7d358', time: '2018-11-14T08:17:03'
System info: host: 'DELL-LQP79EOJSP', ip: '192.168.1.143', os.name: 'Windows 8.1', os.arch: 'amd64', os.version: '6.3', java.version: '1.8.0_231'
Driver info: driver.version: ChromeDriver
remote stacktrace: Backtrace:
	Ordinal0 [0x0135EB13+1501971]
	Ordinal0 [0x012DF6D1+980689]
	Ordinal0 [0x0126765F+489055]
	Ordinal0 [0x011FF2F4+62196]
	Ordinal0 [0x011FBCDA+48346]
	Ordinal0 [0x01219800+169984]
	Ordinal0 [0x0121942D+169005]
	Ordinal0 [0x012178EB+162027]
	Ordinal0 [0x01200AC7+68295]
	Ordinal0 [0x01201B40+72512]
	Ordinal0 [0x01201AD9+72409]
	Ordinal0 [0x012F8F37+1085239]
	GetHandleVerifier [0x013FD7ED+503293]
	GetHandleVerifier [0x013FD580+502672]
	GetHandleVerifier [0x014046AC+531644]
	GetHandleVerifier [0x013FDFFA+505354]
	Ordinal0 [0x012F0606+1050118]
	Ordinal0 [0x012F047F+1049727]
	Ordinal0 [0x012FAF9B+1093531]
	Ordinal0 [0x012FB103+1093891]
	Ordinal0 [0x012FA095+1089685]
	BaseThreadInitThunk [0x75E96A14+36]
	RtlInitializeExceptionChain [0x77CDAD8F+143]
	RtlInitializeExceptionChain [0x77CDAD5A+90]

	at Testing.Assetvalidation.initializebrowser(Assetvalidation.java:23)
]]></failure>
    <system-err><![CDATA[ERROR StatusLogger No Log4j 2 configuration file found. Using default configuration (logging only errors to the console), or user programmatically provided configurations. Set system property 'log4j2.debug' to show Log4j 2 internal initialization logging. See https://logging.apache.org/log4j/2.x/manual/configuration.html for instructions on how to configure Log4j 2
Starting ChromeDriver 77.0.3865.40 (f484704e052e0b556f8030b65b953dce96503217-refs/branch-heads/3865@{#442}) on port 9192
Only local connections are allowed.
Please protect ports used by ChromeDriveStarting ChromeDriver 77.0.3865r.4 0a nd related test frameworks to p(rf484704e052e0b556f8030b65b953dce9650e3v2e1n7-tr eaccess by malifs/branch-heads/3865@{#442}) on port 2837cious code.
2
Only local connections are allowed.
Please protect ports used by ChromeDriver and related test frameworks to prevent access by malicious code.
]]></system-err>
  </testcase>
  <testcase name="Assertions" classname="Testing.Assetvalidation" time="0">
    <skipped message="session not created: This version of ChromeDriver only supports Chrome version 77&#10;Build info: version: &apos;3.141.59&apos;, revision: &apos;e82be7d358&apos;, time: &apos;2018-11-14T08:17:03&apos;&#10;System info: host: &apos;DELL-LQP79EOJSP&apos;, ip: &apos;192.168.1.143&apos;, os.name: &apos;Windows 8.1&apos;, os.arch: &apos;amd64&apos;, os.version: &apos;6.3&apos;, java.version: &apos;1.8.0_231&apos;&#10;Driver info: driver.version: ChromeDriver&#10;remote stacktrace: Backtrace:&#10;	Ordinal0 [0x0135EB13+1501971]&#10;	Ordinal0 [0x012DF6D1+980689]&#10;	Ordinal0 [0x0126765F+489055]&#10;	Ordinal0 [0x011FF2F4+62196]&#10;	Ordinal0 [0x011FBCDA+48346]&#10;	Ordinal0 [0x01219800+169984]&#10;	Ordinal0 [0x0121942D+169005]&#10;	Ordinal0 [0x012178EB+162027]&#10;	Ordinal0 [0x01200AC7+68295]&#10;	Ordinal0 [0x01201B40+72512]&#10;	Ordinal0 [0x01201AD9+72409]&#10;	Ordinal0 [0x012F8F37+1085239]&#10;	GetHandleVerifier [0x013FD7ED+503293]&#10;	GetHandleVerifier [0x013FD580+502672]&#10;	GetHandleVerifier [0x014046AC+531644]&#10;	GetHandleVerifier [0x013FDFFA+505354]&#10;	Ordinal0 [0x012F0606+1050118]&#10;	Ordinal0 [0x012F047F+1049727]&#10;	Ordinal0 [0x012FAF9B+1093531]&#10;	Ordinal0 [0x012FB103+1093891]&#10;	Ordinal0 [0x012FA095+1089685]&#10;	BaseThreadInitThunk [0x75E96A14+36]&#10;	RtlInitializeExceptionChain [0x77CDAD8F+143]&#10;	RtlInitializeExceptionChain [0x77CDAD5A+90]&#10;"/>
  </testcase>
  <testcase name="validatingtext" classname="Testing.Assetvalidation" time="0">
    <skipped message="session not created: This version of ChromeDriver only supports Chrome version 77&#10;Build info: version: &apos;3.141.59&apos;, revision: &apos;e82be7d358&apos;, time: &apos;2018-11-14T08:17:03&apos;&#10;System info: host: &apos;DELL-LQP79EOJSP&apos;, ip: &apos;192.168.1.143&apos;, os.name: &apos;Windows 8.1&apos;, os.arch: &apos;amd64&apos;, os.version: &apos;6.3&apos;, java.version: &apos;1.8.0_231&apos;&#10;Driver info: driver.version: ChromeDriver&#10;remote stacktrace: Backtrace:&#10;	Ordinal0 [0x0135EB13+1501971]&#10;	Ordinal0 [0x012DF6D1+980689]&#10;	Ordinal0 [0x0126765F+489055]&#10;	Ordinal0 [0x011FF2F4+62196]&#10;	Ordinal0 [0x011FBCDA+48346]&#10;	Ordinal0 [0x01219800+169984]&#10;	Ordinal0 [0x0121942D+169005]&#10;	Ordinal0 [0x012178EB+162027]&#10;	Ordinal0 [0x01200AC7+68295]&#10;	Ordinal0 [0x01201B40+72512]&#10;	Ordinal0 [0x01201AD9+72409]&#10;	Ordinal0 [0x012F8F37+1085239]&#10;	GetHandleVerifier [0x013FD7ED+503293]&#10;	GetHandleVerifier [0x013FD580+502672]&#10;	GetHandleVerifier [0x014046AC+531644]&#10;	GetHandleVerifier [0x013FDFFA+505354]&#10;	Ordinal0 [0x012F0606+1050118]&#10;	Ordinal0 [0x012F047F+1049727]&#10;	Ordinal0 [0x012FAF9B+1093531]&#10;	Ordinal0 [0x012FB103+1093891]&#10;	Ordinal0 [0x012FA095+1089685]&#10;	BaseThreadInitThunk [0x75E96A14+36]&#10;	RtlInitializeExceptionChain [0x77CDAD8F+143]&#10;	RtlInitializeExceptionChain [0x77CDAD5A+90]&#10;"/>
  </testcase>
  <testcase name="closebrowser" classname="Testing.Assetvalidation" time="0">
    <skipped/>
  </testcase>
  <testcase name="basepageNavigation" classname="Testing.Homepage" time="0.061">
    <failure message="session not created: This version of ChromeDriver only supports Chrome version 77&#10;Build info: version: &apos;3.141.59&apos;, revision: &apos;e82be7d358&apos;, time: &apos;2018-11-14T08:17:03&apos;&#10;System info: host: &apos;DELL-LQP79EOJSP&apos;, ip: &apos;192.168.1.143&apos;, os.name: &apos;Windows 8.1&apos;, os.arch: &apos;amd64&apos;, os.version: &apos;6.3&apos;, java.version: &apos;1.8.0_231&apos;&#10;Driver info: driver.version: ChromeDriver&#10;remote stacktrace: Backtrace:&#10;	Ordinal0 [0x0135EB13+1501971]&#10;	Ordinal0 [0x012DF6D1+980689]&#10;	Ordinal0 [0x0126765F+489055]&#10;	Ordinal0 [0x011FF2F4+62196]&#10;	Ordinal0 [0x011FBCDA+48346]&#10;	Ordinal0 [0x01219800+169984]&#10;	Ordinal0 [0x0121942D+169005]&#10;	Ordinal0 [0x012178EB+162027]&#10;	Ordinal0 [0x01200AC7+68295]&#10;	Ordinal0 [0x01201B40+72512]&#10;	Ordinal0 [0x01201AD9+72409]&#10;	Ordinal0 [0x012F8F37+1085239]&#10;	GetHandleVerifier [0x013FD7ED+503293]&#10;	GetHandleVerifier [0x013FD580+502672]&#10;	GetHandleVerifier [0x014046AC+531644]&#10;	GetHandleVerifier [0x013FDFFA+505354]&#10;	Ordinal0 [0x012F0606+1050118]&#10;	Ordinal0 [0x012F047F+1049727]&#10;	Ordinal0 [0x012FAF9B+1093531]&#10;	Ordinal0 [0x012FB103+1093891]&#10;	Ordinal0 [0x012FA095+1089685]&#10;	BaseThreadInitThunk [0x75E96A14+36]&#10;	RtlInitializeExceptionChain [0x77CDAD8F+143]&#10;	RtlInitializeExceptionChain [0x77CDAD5A+90]&#10;" type="org.openqa.selenium.SessionNotCreatedException"><![CDATA[org.openqa.selenium.SessionNotCreatedException: 
session not created: This version of ChromeDriver only supports Chrome version 77
Build info: version: '3.141.59', revision: 'e82be7d358', time: '2018-11-14T08:17:03'
System info: host: 'DELL-LQP79EOJSP', ip: '192.168.1.143', os.name: 'Windows 8.1', os.arch: 'amd64', os.version: '6.3', java.version: '1.8.0_231'
Driver info: driver.version: ChromeDriver
remote stacktrace: Backtrace:
	Ordinal0 [0x0135EB13+1501971]
	Ordinal0 [0x012DF6D1+980689]
	Ordinal0 [0x0126765F+489055]
	Ordinal0 [0x011FF2F4+62196]
	Ordinal0 [0x011FBCDA+48346]
	Ordinal0 [0x01219800+169984]
	Ordinal0 [0x0121942D+169005]
	Ordinal0 [0x012178EB+162027]
	Ordinal0 [0x01200AC7+68295]
	Ordinal0 [0x01201B40+72512]
	Ordinal0 [0x01201AD9+72409]
	Ordinal0 [0x012F8F37+1085239]
	GetHandleVerifier [0x013FD7ED+503293]
	GetHandleVerifier [0x013FD580+502672]
	GetHandleVerifier [0x014046AC+531644]
	GetHandleVerifier [0x013FDFFA+505354]
	Ordinal0 [0x012F0606+1050118]
	Ordinal0 [0x012F047F+1049727]
	Ordinal0 [0x012FAF9B+1093531]
	Ordinal0 [0x012FB103+1093891]
	Ordinal0 [0x012FA095+1089685]
	BaseThreadInitThunk [0x75E96A14+36]
	RtlInitializeExceptionChain [0x77CDAD8F+143]
	RtlInitializeExceptionChain [0x77CDAD5A+90]

	at Testing.Homepage.basepageNavigation(Homepage.java:23)
]]></failure>
  </testcase>
  <testcase name="basepageNavigation" classname="Testing.Homepage" time="0.066">
    <failure type="java.lang.NullPointerException"><![CDATA[java.lang.NullPointerException
]]></failure>
    <system-out><![CDATA[Failed atbasepageNavigation
]]></system-out>
  </testcase>
</testsuite>